2024-02-20 01:37:44.615 - [ 13030] - [     1] - INFO  - Unity.Licensing.Client.Program || Logging configured
2024-02-20 01:37:44.622 - [ 13030] - [     1] - INFO  - Unity.Licensing.Client.Program || Client product version: 1.10.3+73871ab
2024-02-20 01:37:44.622 - [ 13030] - [     1] - INFO  - Unity.Licensing.Client.Program || Client assembly version: 1.10.3.0
2024-02-20 01:37:44.622 - [ 13030] - [     1] - INFO  - Unity.Licensing.Client.Program || File version: 1.10.3 (/opt/unityhub/UnityLicensingClient_V1/Unity.Licensing.Client.dll)
2024-02-20 01:37:44.622 - [ 13030] - [     1] - INFO  - Unity.Licensing.Client.Program || Current OS: Linux 6.7.5-arch1-1 #1 SMP PREEMPT_DYNAMIC Sat, 17 Feb 2024 14:02:33 +0000
2024-02-20 01:37:44.622 - [ 13030] - [     1] - INFO  - Unity.Licensing.Client.Program || Licensing client is running in production environment
2024-02-20 01:37:44.702 - [ 13030] - [     1] - INFO  - Unity.Licensing.EntitlementContext.CompositeContextProvider || Instantiate new context with id 0d3bdfcf-5f2d-4404-85c4-adbaf9230ea1
2024-02-20 01:37:44.703 - [ 13030] - [     1] - INFO  - Unity.Licensing.EntitlementContext.LegacyLicense.LegacyMachineBindingsContextProvider || Instantiate new context with id 885482eb-8f6d-4eff-b7ea-cd254eac2a11
2024-02-20 01:37:44.703 - [ 13030] - [     1] - INFO  - Unity.Licensing.EntitlementContext.EnvironmentContextProvider || Instantiate new context with id a4441e88-bc3f-4d53-a8fe-78ea53522c47
2024-02-20 01:37:44.712 - [ 13030] - [     1] - INFO  - Unity.Licensing.Client.Program || Analytics CorrelationId: 5b580894ccd5b44d939c8d1e41cf507c
2024-02-20 01:37:44.721 - [ 13030] - [     1] - WARN  - Unity.Licensing.Client.Services.LicensingOrchestrator || Floating licensing service disabled: Invalid servicesConfiguration for licensing. Make sure the licensingServiceBaseUrl servicesConfiguration is a valid URL
2024-02-20 01:37:44.722 - [ 13030] - [     1] - WARN  - Unity.Licensing.Client.Services.LicensingOrchestrator || Licensing replication disabled: Failed to acquire Licensing Service URL from configuration under configuration key: licensingServiceBaseUrl
2024-02-20 01:37:44.723 - [ 13030] - [     1] - WARN  - Unity.Licensing.Client.Configuration.PathProviders.PathProviderUtility || license directory /home/kinveth/.config/unity3d/Unity/licenses not found
2024-02-20 01:37:44.723 - [ 13030] - [     1] - INFO  - Unity.Licensing.Client.Configuration.PathProviders.PathProviderUtility || Searching for legacy license file: /home/kinveth/.config/unity3d/Unity/Unity_lic.ulf
2024-02-20 01:37:44.723 - [ 13030] - [     1] - WARN  - Unity.Licensing.Client.Configuration.PathProviders.PathProviderUtility || Legacy license file not found: /home/kinveth/.config/unity3d/Unity/Unity_lic.ulf
2024-02-20 01:37:44.723 - [ 13030] - [     1] - WARN  - Unity.Licensing.Client.Configuration.PathProviders.PathProviderUtility || license directory /usr/share/unity3d/licenses not found
2024-02-20 01:37:44.723 - [ 13030] - [     1] - INFO  - Unity.Licensing.Client.Configuration.PathProviders.PathProviderUtility || Searching for legacy license file: /usr/share/unity3d/Unity_lic.ulf
2024-02-20 01:37:44.723 - [ 13030] - [     1] - WARN  - Unity.Licensing.Client.Configuration.PathProviders.PathProviderUtility || Legacy license file not found: /usr/share/unity3d/Unity_lic.ulf
2024-02-20 01:37:44.723 - [ 13030] - [     1] - WARN  - Unity.Licensing.Client.Configuration.PathProviders.PathProviderUtility || license directory /home/kinveth/.local/share/unity3d/Unity/licenses not found
2024-02-20 01:37:44.723 - [ 13030] - [     1] - INFO  - Unity.Licensing.Client.Configuration.PathProviders.PathProviderUtility || Searching for legacy license file: /home/kinveth/.local/share/unity3d/Unity/Unity_lic.ulf
2024-02-20 01:37:44.723 - [ 13030] - [     1] - WARN  - Unity.Licensing.Client.Configuration.PathProviders.PathProviderUtility || Legacy license file not found: /home/kinveth/.local/share/unity3d/Unity/Unity_lic.ulf
2024-02-20 01:37:44.724 - [ 13030] - [     1] - INFO  - Unity.Licensing.Client.Services.EntitlementResolverProvider || Rebuilding resolvers from local files
2024-02-20 01:37:44.725 - [ 13030] - [     1] - INFO  - Unity.Licensing.Client.Services.EntitlementResolverProvider || Processed 0 license files in 00:00:00.0003227
2024-02-20 01:37:44.726 - [ 13030] - [     1] - WARN  - Unity.Licensing.Client.Configuration.PathProviders.PathProviderUtility || license directory /home/kinveth/.config/unity3d/Unity/licenses not found
2024-02-20 01:37:44.726 - [ 13030] - [     1] - INFO  - Unity.Licensing.Client.Configuration.PathProviders.PathProviderUtility || Searching for legacy license file: /home/kinveth/.config/unity3d/Unity/Unity_lic.ulf
2024-02-20 01:37:44.726 - [ 13030] - [     1] - WARN  - Unity.Licensing.Client.Configuration.PathProviders.PathProviderUtility || Legacy license file not found: /home/kinveth/.config/unity3d/Unity/Unity_lic.ulf
2024-02-20 01:37:44.726 - [ 13030] - [     1] - WARN  - Unity.Licensing.Client.Configuration.PathProviders.PathProviderUtility || license directory /usr/share/unity3d/licenses not found
2024-02-20 01:37:44.726 - [ 13030] - [    14] - ERROR - Unity.Licensing.Client.Services.EntitlementResolverProvider || Unable to start directory watcher for: /home/kinveth/.local/share/unity3d/Unity/*.ulf
System.IO.DirectoryNotFoundException: Attempted to access a path that is not on the disk.
   at Unity.Licensing.Platform.FileSystem.DirectoryWatcher..ctor(IFileSystem fileSystem, String directoryPath, String fileFilter)
   at Unity.Licensing.Client.Services.EntitlementResolverProvider.InitDirectoryWatcher(String dir, String filter)
2024-02-20 01:37:44.726 - [ 13030] - [     1] - INFO  - Unity.Licensing.Client.Configuration.PathProviders.PathProviderUtility || Searching for legacy license file: /usr/share/unity3d/Unity_lic.ulf
2024-02-20 01:37:44.729 - [ 13030] - [    14] - ERROR - Unity.Licensing.Client.Services.EntitlementResolverProvider || Unable to start directory watcher for: /home/kinveth/.local/share/unity3d/Unity/licenses/*.xml
System.IO.DirectoryNotFoundException: Attempted to access a path that is not on the disk.
   at Unity.Licensing.Platform.FileSystem.DirectoryWatcher..ctor(IFileSystem fileSystem, String directoryPath, String fileFilter)
   at Unity.Licensing.Client.Services.EntitlementResolverProvider.InitDirectoryWatcher(String dir, String filter)
2024-02-20 01:37:44.729 - [ 13030] - [     1] - WARN  - Unity.Licensing.Client.Configuration.PathProviders.PathProviderUtility || Legacy license file not found: /usr/share/unity3d/Unity_lic.ulf
2024-02-20 01:37:44.729 - [ 13030] - [    14] - ERROR - Unity.Licensing.Client.Services.EntitlementResolverProvider || Unable to start directory watcher for: /home/kinveth/.config/unity3d/Unity/licenses/*.xml
System.IO.DirectoryNotFoundException: Attempted to access a path that is not on the disk.
   at Unity.Licensing.Platform.FileSystem.DirectoryWatcher..ctor(IFileSystem fileSystem, String directoryPath, String fileFilter)
   at Unity.Licensing.Client.Services.EntitlementResolverProvider.InitDirectoryWatcher(String dir, String filter)
2024-02-20 01:37:44.729 - [ 13030] - [     1] - WARN  - Unity.Licensing.Client.Configuration.PathProviders.PathProviderUtility || license directory /home/kinveth/.local/share/unity3d/Unity/licenses not found
2024-02-20 01:37:44.729 - [ 13030] - [     1] - INFO  - Unity.Licensing.Client.Configuration.PathProviders.PathProviderUtility || Searching for legacy license file: /home/kinveth/.local/share/unity3d/Unity/Unity_lic.ulf
2024-02-20 01:37:44.729 - [ 13030] - [     1] - WARN  - Unity.Licensing.Client.Configuration.PathProviders.PathProviderUtility || Legacy license file not found: /home/kinveth/.local/share/unity3d/Unity/Unity_lic.ulf
2024-02-20 01:37:44.730 - [ 13030] - [     1] - INFO  - Unity.Licensing.Client.Services.Replication.InactiveLicenseFileCleaner || Start cleaning expired and inactive license file(s): 

2024-02-20 01:37:44.730 - [ 13030] - [     1] - INFO  - Unity.Licensing.Client.Services.Replication.InactiveLicenseFileCleaner || Cleanup finished successfully, deleted 0 expired and 0 inactive license file(s)
2024-02-20 01:37:44.730 - [ 13030] - [     1] - WARN  - Unity.Licensing.Client.Services.LicensingOrchestrator || Unable to find valid licenses and remote licensing service is not configured.
2024-02-20 01:37:44.760 - [ 13030] - [    17] - INFO  - Unity.Licensing.Client.Services.Package.PackageEnforcer || Trying to update PACL ...
2024-02-20 01:37:44.761 - [ 13030] - [    10] - INFO  - Unity.Licensing.Client.MultiClientPipeServer || ServerMutex Unity-LicenseClient-kinveth created (on thread: 10)
2024-02-20 01:37:44.762 - [ 13030] - [    10] - INFO  - Unity.Licensing.Client.Communication.Notifications.NotificationsPipeServer || ServerMutex Unity-LicenseClient-kinveth-notifications created (on thread: 10)
2024-02-20 01:37:44.762 - [ 13030] - [    10] - INFO  - Unity.Licensing.Client.MultiClientPipeServer || Starting named pipe server (on thread: 10)
2024-02-20 01:37:44.765 - [ 13030] - [    10] - INFO  - Unity.Licensing.Client.MultiClientPipeServer || Named pipe server started
2024-02-20 01:37:44.765 - [ 13030] - [    18] - INFO  - Unity.Licensing.Client.MultiClientPipeServer || Waiting for a connection (pipe #1)
2024-02-20 01:37:44.765 - [ 13030] - [    10] - INFO  - Unity.Licensing.Client.Communication.Notifications.NotificationsPipeServer || Starting named pipe server (on thread: 10)
2024-02-20 01:37:44.766 - [ 13030] - [    10] - INFO  - Unity.Licensing.Client.Communication.Notifications.NotificationsPipeServer || Named pipe server started
2024-02-20 01:37:44.766 - [ 13030] - [    19] - INFO  - Unity.Licensing.Client.Communication.Notifications.NotificationsPipeServer || Waiting for a connection (pipe #1)
2024-02-20 01:37:44.766 - [ 13030] - [    17] - INFO  - Unity.Licensing.Client.Services.Package.PackageService || Getting PACL from remote uri: "https://license.unity3d.com/licenses/v1/packages/acl" ...
2024-02-20 01:37:44.771 - [ 13030] - [    22] - INFO  - Unity.Licensing.Client.MultiClientPipeServer || Waiting for a connection (pipe #2)
2024-02-20 01:37:44.774 - [ 13030] - [     7] - INFO  - Unity.Licensing.Client.MultiClientPipeServer || A new client is connecting (pipe #1)
2024-02-20 01:37:44.774 - [ 13030] - [     7] - INFO  - Unity.Licensing.Client.Communication.ApiPipeHandler#1 || Start accepting requests
2024-02-20 01:37:44.796 - [ 13030] - [     7] - INFO  - Unity.Licensing.Client.Communication.Controllers.HandshakeController || Received handshake from: Hub 3.1.1-c1 (LocalIPC/1.9)
2024-02-20 01:37:44.796 - [ 13030] - [     7] - WARN  - Unity.Licensing.Client.Communication.Controllers.HandshakeController || PACL not enabled for this connection.
2024-02-20 01:37:44.796 - [ 13030] - [     7] - INFO  - Unity.Licensing.Client.Communication.ApiPipeHandler#1 || [Response] Type: HandshakeResponse, Code: 200, Status: Handshake successful
2024-02-20 01:37:45.118 - [ 13030] - [    16] - INFO  - Unity.Licensing.Client.Services.Package.PackageService || New PACL file is written successfully from remote uri: "https://license.unity3d.com/licenses/v1/packages/acl".
2024-02-20 01:37:45.118 - [ 13030] - [    16] - INFO  - Unity.Licensing.Client.Services.Package.PackageEnforcer || Successfully updated PACL file after 1 attempt(s). Next update in 24.00 hours.
2024-02-20 01:37:45.119 - [ 13030] - [    16] - INFO  - Unity.Licensing.Client.Services.Package.PackageEnforcer || Loading remote PACL, revision: 38, version: 1.0
2024-02-20 01:37:45.148 - [ 13030] - [     4] - INFO  - Unity.Licensing.Client.Configuration.ClientConfigurationLoader || Unity remote config is updated: "/home/kinveth/.config/unity3d/Unity/config/production.json"
2024-02-20 01:37:45.931 - [ 13030] - [     7] - INFO  - Unity.Licensing.Client.Configuration.PathProviders.PathProviderUtility || Searching for licenses in /home/kinveth/.config/unity3d/Unity/licenses
2024-02-20 01:37:45.931 - [ 13030] - [     7] - WARN  - Unity.Licensing.Client.Configuration.PathProviders.PathProviderUtility || No license files (*.xml) found in /home/kinveth/.config/unity3d/Unity/licenses
2024-02-20 01:37:45.931 - [ 13030] - [     7] - INFO  - Unity.Licensing.Client.Configuration.PathProviders.PathProviderUtility || Searching for legacy license file: /home/kinveth/.config/unity3d/Unity/Unity_lic.ulf
2024-02-20 01:37:45.932 - [ 13030] - [     7] - WARN  - Unity.Licensing.Client.Configuration.PathProviders.PathProviderUtility || Legacy license file not found: /home/kinveth/.config/unity3d/Unity/Unity_lic.ulf
2024-02-20 01:37:45.932 - [ 13030] - [     7] - WARN  - Unity.Licensing.Client.Configuration.PathProviders.PathProviderUtility || license directory /usr/share/unity3d/licenses not found
2024-02-20 01:37:45.932 - [ 13030] - [     7] - INFO  - Unity.Licensing.Client.Configuration.PathProviders.PathProviderUtility || Searching for legacy license file: /usr/share/unity3d/Unity_lic.ulf
2024-02-20 01:37:45.932 - [ 13030] - [     7] - WARN  - Unity.Licensing.Client.Configuration.PathProviders.PathProviderUtility || Legacy license file not found: /usr/share/unity3d/Unity_lic.ulf
2024-02-20 01:37:45.932 - [ 13030] - [     7] - WARN  - Unity.Licensing.Client.Configuration.PathProviders.PathProviderUtility || license directory /home/kinveth/.local/share/unity3d/Unity/licenses not found
2024-02-20 01:37:45.932 - [ 13030] - [     7] - INFO  - Unity.Licensing.Client.Configuration.PathProviders.PathProviderUtility || Searching for legacy license file: /home/kinveth/.local/share/unity3d/Unity/Unity_lic.ulf
2024-02-20 01:37:45.932 - [ 13030] - [     7] - WARN  - Unity.Licensing.Client.Configuration.PathProviders.PathProviderUtility || Legacy license file not found: /home/kinveth/.local/share/unity3d/Unity/Unity_lic.ulf
2024-02-20 01:37:45.932 - [ 13030] - [     7] - INFO  - Unity.Licensing.Client.Services.EntitlementResolverProvider || Rebuilding resolvers from local files
2024-02-20 01:37:45.932 - [ 13030] - [     7] - INFO  - Unity.Licensing.Client.Services.EntitlementResolverProvider || Processed 0 license files in 00:00:00.0000085
2024-02-20 01:37:45.933 - [ 13030] - [     7] - INFO  - Unity.Licensing.Client.Communication.ApiPipeHandler#1 || [Response] Type: EntitlementGroupsDetailsResponse, Code: 200, Status: Success, found: 0 groups
2024-02-20 01:37:46.044 - [ 13030] - [     7] - INFO  - Unity.Licensing.EntitlementContext.CompositeContextProvider || Instantiate new context with id 897df144-3a19-474e-ac8c-e8fdda600331
2024-02-20 01:37:46.045 - [ 13030] - [     7] - INFO  - Unity.Licensing.Client.Communication.ApiPipeHandler#1 || [Response] Type: EntitlementsResponse, Code: 200, Status: Found 0 entitlements
2024-02-20 01:37:46.363 - [ 13030] - [     7] - INFO  - Unity.Licensing.Client.Configuration.PathProviders.PathProviderUtility || Searching for licenses in /home/kinveth/.config/unity3d/Unity/licenses
2024-02-20 01:37:46.363 - [ 13030] - [     7] - WARN  - Unity.Licensing.Client.Configuration.PathProviders.PathProviderUtility || No license files (*.xml) found in /home/kinveth/.config/unity3d/Unity/licenses
2024-02-20 01:37:46.363 - [ 13030] - [     7] - INFO  - Unity.Licensing.Client.Configuration.PathProviders.PathProviderUtility || Searching for legacy license file: /home/kinveth/.config/unity3d/Unity/Unity_lic.ulf
2024-02-20 01:37:46.363 - [ 13030] - [     7] - WARN  - Unity.Licensing.Client.Configuration.PathProviders.PathProviderUtility || Legacy license file not found: /home/kinveth/.config/unity3d/Unity/Unity_lic.ulf
2024-02-20 01:37:46.363 - [ 13030] - [     7] - WARN  - Unity.Licensing.Client.Configuration.PathProviders.PathProviderUtility || license directory /usr/share/unity3d/licenses not found
2024-02-20 01:37:46.363 - [ 13030] - [     7] - INFO  - Unity.Licensing.Client.Configuration.PathProviders.PathProviderUtility || Searching for legacy license file: /usr/share/unity3d/Unity_lic.ulf
2024-02-20 01:37:46.363 - [ 13030] - [     7] - WARN  - Unity.Licensing.Client.Configuration.PathProviders.PathProviderUtility || Legacy license file not found: /usr/share/unity3d/Unity_lic.ulf
2024-02-20 01:37:46.363 - [ 13030] - [     7] - WARN  - Unity.Licensing.Client.Configuration.PathProviders.PathProviderUtility || license directory /home/kinveth/.local/share/unity3d/Unity/licenses not found
2024-02-20 01:37:46.364 - [ 13030] - [     7] - INFO  - Unity.Licensing.Client.Configuration.PathProviders.PathProviderUtility || Searching for legacy license file: /home/kinveth/.local/share/unity3d/Unity/Unity_lic.ulf
2024-02-20 01:37:46.364 - [ 13030] - [     7] - WARN  - Unity.Licensing.Client.Configuration.PathProviders.PathProviderUtility || Legacy license file not found: /home/kinveth/.local/share/unity3d/Unity/Unity_lic.ulf
2024-02-20 01:37:46.364 - [ 13030] - [     7] - INFO  - Unity.Licensing.Client.Services.EntitlementResolverProvider || Rebuilding resolvers from local files
2024-02-20 01:37:46.364 - [ 13030] - [     7] - INFO  - Unity.Licensing.Client.Services.EntitlementResolverProvider || Processed 0 license files in 00:00:00.0000088
2024-02-20 01:37:46.364 - [ 13030] - [     7] - INFO  - Unity.Licensing.Client.Communication.ApiPipeHandler#1 || [Response] Type: EntitlementGroupsDetailsResponse, Code: 200, Status: Success, found: 0 groups
2024-02-20 01:37:46.376 - [ 13030] - [     7] - INFO  - Unity.Licensing.EntitlementContext.CompositeContextProvider || Instantiate new context with id 381b331a-b6e5-44c1-baa0-c40bcb797f62
2024-02-20 01:37:46.376 - [ 13030] - [     7] - INFO  - Unity.Licensing.Client.Communication.ApiPipeHandler#1 || [Response] Type: EntitlementsResponse, Code: 200, Status: Found 0 entitlements
2024-02-20 01:38:45.997 - [ 13030] - [     7] - INFO  - Unity.Licensing.EntitlementContext.CompositeContextProvider || Instantiate new context with id a0aa4fd1-bd6a-4634-ae04-f616dfc0ed7f
2024-02-20 01:38:45.998 - [ 13030] - [     7] - INFO  - Unity.Licensing.Client.Communication.ApiPipeHandler#1 || [Response] Type: EntitlementsResponse, Code: 200, Status: Found 0 entitlements
2024-02-20 01:40:41.654 - [ 13030] - [     7] - INFO  - Unity.Licensing.EntitlementContext.CompositeContextProvider || Instantiate new context with id ab92a459-d633-42ae-bdce-1ca41c02463f
2024-02-20 01:40:41.654 - [ 13030] - [     7] - INFO  - Unity.Licensing.Client.Communication.ApiPipeHandler#1 || [Response] Type: EntitlementsResponse, Code: 200, Status: Found 0 entitlements
2024-02-20 01:40:41.658 - [ 13030] - [     7] - INFO  - Unity.Licensing.Client.Communication.Controllers.AccessTokenController || Got access token: 9aNuijl66XZf-09Pxc8lQrdOueWoNIxRb6baDfj5jv8002f (expires in 30758400 seconds)
2024-02-20 01:40:41.661 - [ 13030] - [     7] - INFO  - Unity.Licensing.Client.Communication.ApiPipeHandler#1 || [Response] Type: AccessTokenResponse, Code: 200, Status: 
2024-02-20 01:40:41.663 - [ 13030] - [     7] - INFO  - Unity.Licensing.Client.Configuration.PathProviders.PathProviderUtility || Searching for licenses in /home/kinveth/.config/unity3d/Unity/licenses
2024-02-20 01:40:41.663 - [ 13030] - [     7] - WARN  - Unity.Licensing.Client.Configuration.PathProviders.PathProviderUtility || No license files (*.xml) found in /home/kinveth/.config/unity3d/Unity/licenses
2024-02-20 01:40:41.663 - [ 13030] - [     7] - INFO  - Unity.Licensing.Client.Configuration.PathProviders.PathProviderUtility || Searching for legacy license file: /home/kinveth/.config/unity3d/Unity/Unity_lic.ulf
2024-02-20 01:40:41.664 - [ 13030] - [     7] - WARN  - Unity.Licensing.Client.Configuration.PathProviders.PathProviderUtility || Legacy license file not found: /home/kinveth/.config/unity3d/Unity/Unity_lic.ulf
2024-02-20 01:40:41.664 - [ 13030] - [     7] - WARN  - Unity.Licensing.Client.Configuration.PathProviders.PathProviderUtility || license directory /usr/share/unity3d/licenses not found
2024-02-20 01:40:41.664 - [ 13030] - [     7] - INFO  - Unity.Licensing.Client.Configuration.PathProviders.PathProviderUtility || Searching for legacy license file: /usr/share/unity3d/Unity_lic.ulf
2024-02-20 01:40:41.664 - [ 13030] - [     7] - WARN  - Unity.Licensing.Client.Configuration.PathProviders.PathProviderUtility || Legacy license file not found: /usr/share/unity3d/Unity_lic.ulf
2024-02-20 01:40:41.664 - [ 13030] - [     7] - WARN  - Unity.Licensing.Client.Configuration.PathProviders.PathProviderUtility || license directory /home/kinveth/.local/share/unity3d/Unity/licenses not found
2024-02-20 01:40:41.664 - [ 13030] - [     7] - INFO  - Unity.Licensing.Client.Configuration.PathProviders.PathProviderUtility || Searching for legacy license file: /home/kinveth/.local/share/unity3d/Unity/Unity_lic.ulf
2024-02-20 01:40:41.664 - [ 13030] - [     7] - WARN  - Unity.Licensing.Client.Configuration.PathProviders.PathProviderUtility || Legacy license file not found: /home/kinveth/.local/share/unity3d/Unity/Unity_lic.ulf
2024-02-20 01:40:41.664 - [ 13030] - [     7] - INFO  - Unity.Licensing.Client.Services.EntitlementResolverProvider || Rebuilding resolvers from local files
2024-02-20 01:40:41.664 - [ 13030] - [     7] - INFO  - Unity.Licensing.Client.Services.EntitlementResolverProvider || Processed 0 license files in 00:00:00.0000044
2024-02-20 01:40:41.664 - [ 13030] - [     7] - INFO  - Unity.Licensing.Client.Communication.ApiPipeHandler#1 || [Response] Type: EntitlementGroupsDetailsResponse, Code: 200, Status: Success, found: 0 groups
2024-02-20 01:40:42.069 - [ 13030] - [     7] - INFO  - Unity.Licensing.Client.Services.Licensing.GenesisLicensingService || Attempting to contact genesis update license api
2024-02-20 01:40:42.142 - [ 13030] - [    29] - WARN  - Unity.Licensing.Genesis.GenesisClient.HttpRequests || Handled response: [NotFound | [Problem detail: status: 404 | title: Invalid context | type: https://httpstatuses.com/404 | detail: Machine bindings in context was not registered before | errorCode: 404005 | results: []]] from request: [POST | https://license.unity3d.com/licenses/v1/context | {"context":{"Legacy.MachineBinding1":"e2381443487443688c58cb78f2fba6f3","Legacy.MachineBinding2":"e2381443487443688c58cb78f2fba6f3","EnvironmentUser":"kinveth","EnvironmentDomain":"kinveth-i3","EnvironmentHostname":"kinveth-i3"}}]
2024-02-20 01:40:42.143 - [ 13030] - [     7] - INFO  - Unity.Licensing.Client.Communication.ApiPipeHandler#1 || [Response] Type: ActivationManagementResponse, Code: 207, Status: Successfully processed activation management call
2024-02-20 01:40:42.158 - [ 13030] - [     7] - INFO  - Unity.Licensing.Client.Configuration.PathProviders.PathProviderUtility || Searching for licenses in /home/kinveth/.config/unity3d/Unity/licenses
2024-02-20 01:40:42.158 - [ 13030] - [     7] - WARN  - Unity.Licensing.Client.Configuration.PathProviders.PathProviderUtility || No license files (*.xml) found in /home/kinveth/.config/unity3d/Unity/licenses
2024-02-20 01:40:42.158 - [ 13030] - [     7] - INFO  - Unity.Licensing.Client.Configuration.PathProviders.PathProviderUtility || Searching for legacy license file: /home/kinveth/.config/unity3d/Unity/Unity_lic.ulf
2024-02-20 01:40:42.159 - [ 13030] - [     7] - WARN  - Unity.Licensing.Client.Configuration.PathProviders.PathProviderUtility || Legacy license file not found: /home/kinveth/.config/unity3d/Unity/Unity_lic.ulf
2024-02-20 01:40:42.159 - [ 13030] - [     7] - WARN  - Unity.Licensing.Client.Configuration.PathProviders.PathProviderUtility || license directory /usr/share/unity3d/licenses not found
2024-02-20 01:40:42.159 - [ 13030] - [     7] - INFO  - Unity.Licensing.Client.Configuration.PathProviders.PathProviderUtility || Searching for legacy license file: /usr/share/unity3d/Unity_lic.ulf
2024-02-20 01:40:42.159 - [ 13030] - [     7] - WARN  - Unity.Licensing.Client.Configuration.PathProviders.PathProviderUtility || Legacy license file not found: /usr/share/unity3d/Unity_lic.ulf
2024-02-20 01:40:42.159 - [ 13030] - [     7] - WARN  - Unity.Licensing.Client.Configuration.PathProviders.PathProviderUtility || license directory /home/kinveth/.local/share/unity3d/Unity/licenses not found
2024-02-20 01:40:42.159 - [ 13030] - [     7] - INFO  - Unity.Licensing.Client.Configuration.PathProviders.PathProviderUtility || Searching for legacy license file: /home/kinveth/.local/share/unity3d/Unity/Unity_lic.ulf
2024-02-20 01:40:42.159 - [ 13030] - [     7] - WARN  - Unity.Licensing.Client.Configuration.PathProviders.PathProviderUtility || Legacy license file not found: /home/kinveth/.local/share/unity3d/Unity/Unity_lic.ulf
2024-02-20 01:40:42.159 - [ 13030] - [     7] - INFO  - Unity.Licensing.Client.Services.EntitlementResolverProvider || Rebuilding resolvers from local files
2024-02-20 01:40:42.159 - [ 13030] - [     7] - INFO  - Unity.Licensing.Client.Services.EntitlementResolverProvider || Processed 0 license files in 00:00:00.0000041
2024-02-20 01:40:42.159 - [ 13030] - [     7] - INFO  - Unity.Licensing.Client.Communication.ApiPipeHandler#1 || [Response] Type: EntitlementGroupsDetailsResponse, Code: 200, Status: Success, found: 0 groups
2024-02-20 01:40:42.171 - [ 13030] - [     7] - INFO  - Unity.Licensing.EntitlementContext.CompositeContextProvider || Instantiate new context with id e0162d93-4c26-459f-8db5-5b49c466f545
2024-02-20 01:40:42.171 - [ 13030] - [     7] - INFO  - Unity.Licensing.Client.Communication.ApiPipeHandler#1 || [Response] Type: EntitlementsResponse, Code: 200, Status: Found 0 entitlements
2024-02-20 01:40:49.158 - [ 13030] - [     7] - INFO  - Unity.Licensing.Client.Configuration.PathProviders.PathProviderUtility || Searching for licenses in /home/kinveth/.config/unity3d/Unity/licenses
2024-02-20 01:40:49.158 - [ 13030] - [     7] - WARN  - Unity.Licensing.Client.Configuration.PathProviders.PathProviderUtility || No license files (*.xml) found in /home/kinveth/.config/unity3d/Unity/licenses
2024-02-20 01:40:49.158 - [ 13030] - [     7] - INFO  - Unity.Licensing.Client.Configuration.PathProviders.PathProviderUtility || Searching for legacy license file: /home/kinveth/.config/unity3d/Unity/Unity_lic.ulf
2024-02-20 01:40:49.158 - [ 13030] - [     7] - WARN  - Unity.Licensing.Client.Configuration.PathProviders.PathProviderUtility || Legacy license file not found: /home/kinveth/.config/unity3d/Unity/Unity_lic.ulf
2024-02-20 01:40:49.158 - [ 13030] - [     7] - WARN  - Unity.Licensing.Client.Configuration.PathProviders.PathProviderUtility || license directory /usr/share/unity3d/licenses not found
2024-02-20 01:40:49.158 - [ 13030] - [     7] - INFO  - Unity.Licensing.Client.Configuration.PathProviders.PathProviderUtility || Searching for legacy license file: /usr/share/unity3d/Unity_lic.ulf
2024-02-20 01:40:49.158 - [ 13030] - [     7] - WARN  - Unity.Licensing.Client.Configuration.PathProviders.PathProviderUtility || Legacy license file not found: /usr/share/unity3d/Unity_lic.ulf
2024-02-20 01:40:49.158 - [ 13030] - [     7] - WARN  - Unity.Licensing.Client.Configuration.PathProviders.PathProviderUtility || license directory /home/kinveth/.local/share/unity3d/Unity/licenses not found
2024-02-20 01:40:49.158 - [ 13030] - [     7] - INFO  - Unity.Licensing.Client.Configuration.PathProviders.PathProviderUtility || Searching for legacy license file: /home/kinveth/.local/share/unity3d/Unity/Unity_lic.ulf
2024-02-20 01:40:49.159 - [ 13030] - [     7] - WARN  - Unity.Licensing.Client.Configuration.PathProviders.PathProviderUtility || Legacy license file not found: /home/kinveth/.local/share/unity3d/Unity/Unity_lic.ulf
2024-02-20 01:40:49.159 - [ 13030] - [     7] - INFO  - Unity.Licensing.Client.Services.EntitlementResolverProvider || Rebuilding resolvers from local files
2024-02-20 01:40:49.159 - [ 13030] - [     7] - INFO  - Unity.Licensing.Client.Services.EntitlementResolverProvider || Processed 0 license files in 00:00:00.0000048
2024-02-20 01:40:49.159 - [ 13030] - [     7] - INFO  - Unity.Licensing.Client.Communication.ApiPipeHandler#1 || [Response] Type: EntitlementGroupsDetailsResponse, Code: 200, Status: Success, found: 0 groups
2024-02-20 01:40:50.211 - [ 13030] - [     7] - INFO  - Unity.Licensing.Ipc.IpcMessageReader || Detected client disconnect
2024-02-20 01:40:50.211 - [ 13030] - [     7] - INFO  - Unity.Licensing.Client.Communication.ApiPipeHandler#1 || Detected client disconnect
2024-02-20 01:40:50.211 - [ 13030] - [     7] - INFO  - Unity.Licensing.Client.Communication.ApiPipeHandler#1 || End accepting requests
2024-02-20 01:40:50.211 - [ 13030] - [     7] - INFO  - Unity.Licensing.Client.Communication.ApiPipeHandler#1 || Disposing named pipe
2024-02-20 01:40:50.213 - [ 13030] - [     7] - INFO  - Unity.Licensing.Client.Services.LicensingOrchestrator || Last active session ended. Starting licensing client's exit timer.
2024-02-20 01:40:50.213 - [ 13030] - [     7] - INFO  - Unity.Licensing.Client.MultiClientPipeServer || Connection closed (pipe #1)
2024-02-20 01:40:50.213 - [ 13030] - [    10] - INFO  - Unity.Licensing.Client.Communication.Notifications.NotificationsPipeServer || Named pipe server is shutting down (thread: 10)
2024-02-20 01:40:50.214 - [ 13030] - [    12] - INFO  - Unity.Licensing.Client.Communication.Notifications.NotificationsPipeServer || Shutting down (pipe #1)
2024-02-20 01:40:50.214 - [ 13030] - [    10] - INFO  - Unity.Licensing.Client.Communication.Notifications.NotificationsPipeServer || Releasing mutex Unity-LicenseClient-kinveth-notifications (thread: 10)
2024-02-20 01:40:50.214 - [ 13030] - [    10] - INFO  - Unity.Licensing.Client.Communication.Notifications.NotificationsPipeServer || Named pipe server has shutdown
2024-02-20 01:40:50.215 - [ 13030] - [    10] - INFO  - Unity.Licensing.Client.MultiClientPipeServer || Named pipe server is shutting down (thread: 10)
2024-02-20 01:40:50.215 - [ 13030] - [    11] - INFO  - Unity.Licensing.Client.MultiClientPipeServer || Shutting down (pipe #2)
2024-02-20 01:40:50.216 - [ 13030] - [    10] - INFO  - Unity.Licensing.Client.MultiClientPipeServer || Releasing mutex Unity-LicenseClient-kinveth (thread: 10)
2024-02-20 01:40:50.216 - [ 13030] - [    10] - INFO  - Unity.Licensing.Client.MultiClientPipeServer || Named pipe server has shutdown
2024-02-20 01:40:50.216 - [ 13030] - [    10] - INFO  - Unity.Licensing.Client.Configuration.PathProviders.PathProviderUtility || Searching for licenses in /home/kinveth/.config/unity3d/Unity/licenses
2024-02-20 01:40:50.216 - [ 13030] - [    10] - WARN  - Unity.Licensing.Client.Configuration.PathProviders.PathProviderUtility || No license files (*.xml) found in /home/kinveth/.config/unity3d/Unity/licenses
2024-02-20 01:40:50.216 - [ 13030] - [    10] - INFO  - Unity.Licensing.Client.Configuration.PathProviders.PathProviderUtility || Searching for legacy license file: /home/kinveth/.config/unity3d/Unity/Unity_lic.ulf
2024-02-20 01:40:50.216 - [ 13030] - [    10] - WARN  - Unity.Licensing.Client.Configuration.PathProviders.PathProviderUtility || Legacy license file not found: /home/kinveth/.config/unity3d/Unity/Unity_lic.ulf
2024-02-20 01:40:50.216 - [ 13030] - [    10] - WARN  - Unity.Licensing.Client.Configuration.PathProviders.PathProviderUtility || license directory /usr/share/unity3d/licenses not found
2024-02-20 01:40:50.216 - [ 13030] - [    10] - INFO  - Unity.Licensing.Client.Configuration.PathProviders.PathProviderUtility || Searching for legacy license file: /usr/share/unity3d/Unity_lic.ulf
2024-02-20 01:40:50.217 - [ 13030] - [    10] - WARN  - Unity.Licensing.Client.Configuration.PathProviders.PathProviderUtility || Legacy license file not found: /usr/share/unity3d/Unity_lic.ulf
2024-02-20 01:40:50.217 - [ 13030] - [    10] - WARN  - Unity.Licensing.Client.Configuration.PathProviders.PathProviderUtility || license directory /home/kinveth/.local/share/unity3d/Unity/licenses not found
2024-02-20 01:40:50.217 - [ 13030] - [    10] - INFO  - Unity.Licensing.Client.Configuration.PathProviders.PathProviderUtility || Searching for legacy license file: /home/kinveth/.local/share/unity3d/Unity/Unity_lic.ulf
2024-02-20 01:40:50.217 - [ 13030] - [    10] - WARN  - Unity.Licensing.Client.Configuration.PathProviders.PathProviderUtility || Legacy license file not found: /home/kinveth/.local/share/unity3d/Unity/Unity_lic.ulf
2024-02-20 01:40:50.217 - [ 13030] - [    10] - INFO  - Unity.Licensing.Client.Services.Replication.InactiveLicenseFileCleaner || Start cleaning expired and inactive license file(s): 

2024-02-20 01:40:50.217 - [ 13030] - [    10] - INFO  - Unity.Licensing.Client.Services.Replication.InactiveLicenseFileCleaner || Cleanup finished successfully, deleted 0 expired and 0 inactive license file(s)
2024-02-20 01:40:59.207 - [ 13693] - [     1] - INFO  - Unity.Licensing.Client.Program || Logging configured
2024-02-20 01:40:59.214 - [ 13693] - [     1] - INFO  - Unity.Licensing.Client.Program || Client product version: 1.10.3+73871ab
2024-02-20 01:40:59.214 - [ 13693] - [     1] - INFO  - Unity.Licensing.Client.Program || Client assembly version: 1.10.3.0
2024-02-20 01:40:59.214 - [ 13693] - [     1] - INFO  - Unity.Licensing.Client.Program || File version: 1.10.3 (/opt/unityhub/UnityLicensingClient_V1/Unity.Licensing.Client.dll)
2024-02-20 01:40:59.215 - [ 13693] - [     1] - INFO  - Unity.Licensing.Client.Program || Current OS: Linux 6.7.5-arch1-1 #1 SMP PREEMPT_DYNAMIC Sat, 17 Feb 2024 14:02:33 +0000
2024-02-20 01:40:59.215 - [ 13693] - [     1] - INFO  - Unity.Licensing.Client.Program || Licensing client is running in production environment
2024-02-20 01:40:59.290 - [ 13693] - [     1] - INFO  - Unity.Licensing.EntitlementContext.CompositeContextProvider || Instantiate new context with id 38f87ddd-da41-432a-aa60-32503dce69a8
2024-02-20 01:40:59.291 - [ 13693] - [     1] - INFO  - Unity.Licensing.EntitlementContext.LegacyLicense.LegacyMachineBindingsContextProvider || Instantiate new context with id c45cd572-3c02-4472-88af-c831f0bbc8d3
2024-02-20 01:40:59.291 - [ 13693] - [     1] - INFO  - Unity.Licensing.EntitlementContext.EnvironmentContextProvider || Instantiate new context with id 3926b758-5235-4495-a023-a5dcc634c0e2
2024-02-20 01:40:59.301 - [ 13693] - [     1] - INFO  - Unity.Licensing.Client.Program || Analytics CorrelationId: 75382c64b4c1b948aa7387e9c18cecf0
2024-02-20 01:40:59.310 - [ 13693] - [     1] - WARN  - Unity.Licensing.Client.Services.LicensingOrchestrator || Floating licensing service disabled: Invalid servicesConfiguration for licensing. Make sure the licensingServiceBaseUrl servicesConfiguration is a valid URL
2024-02-20 01:40:59.310 - [ 13693] - [     1] - WARN  - Unity.Licensing.Client.Services.LicensingOrchestrator || Licensing replication disabled: Failed to acquire Licensing Service URL from configuration under configuration key: licensingServiceBaseUrl
2024-02-20 01:40:59.311 - [ 13693] - [     1] - INFO  - Unity.Licensing.Client.Configuration.PathProviders.PathProviderUtility || Searching for licenses in /home/kinveth/.config/unity3d/Unity/licenses
2024-02-20 01:40:59.311 - [ 13693] - [     1] - WARN  - Unity.Licensing.Client.Configuration.PathProviders.PathProviderUtility || No license files (*.xml) found in /home/kinveth/.config/unity3d/Unity/licenses
2024-02-20 01:40:59.311 - [ 13693] - [     1] - INFO  - Unity.Licensing.Client.Configuration.PathProviders.PathProviderUtility || Searching for legacy license file: /home/kinveth/.config/unity3d/Unity/Unity_lic.ulf
2024-02-20 01:40:59.311 - [ 13693] - [     1] - WARN  - Unity.Licensing.Client.Configuration.PathProviders.PathProviderUtility || Legacy license file not found: /home/kinveth/.config/unity3d/Unity/Unity_lic.ulf
2024-02-20 01:40:59.311 - [ 13693] - [     1] - WARN  - Unity.Licensing.Client.Configuration.PathProviders.PathProviderUtility || license directory /usr/share/unity3d/licenses not found
2024-02-20 01:40:59.311 - [ 13693] - [     1] - INFO  - Unity.Licensing.Client.Configuration.PathProviders.PathProviderUtility || Searching for legacy license file: /usr/share/unity3d/Unity_lic.ulf
2024-02-20 01:40:59.311 - [ 13693] - [     1] - WARN  - Unity.Licensing.Client.Configuration.PathProviders.PathProviderUtility || Legacy license file not found: /usr/share/unity3d/Unity_lic.ulf
2024-02-20 01:40:59.311 - [ 13693] - [     1] - WARN  - Unity.Licensing.Client.Configuration.PathProviders.PathProviderUtility || license directory /home/kinveth/.local/share/unity3d/Unity/licenses not found
2024-02-20 01:40:59.311 - [ 13693] - [     1] - INFO  - Unity.Licensing.Client.Configuration.PathProviders.PathProviderUtility || Searching for legacy license file: /home/kinveth/.local/share/unity3d/Unity/Unity_lic.ulf
2024-02-20 01:40:59.311 - [ 13693] - [     1] - WARN  - Unity.Licensing.Client.Configuration.PathProviders.PathProviderUtility || Legacy license file not found: /home/kinveth/.local/share/unity3d/Unity/Unity_lic.ulf
2024-02-20 01:40:59.313 - [ 13693] - [     1] - INFO  - Unity.Licensing.Client.Services.EntitlementResolverProvider || Rebuilding resolvers from local files
2024-02-20 01:40:59.313 - [ 13693] - [     1] - INFO  - Unity.Licensing.Client.Services.EntitlementResolverProvider || Processed 0 license files in 00:00:00.0002520
2024-02-20 01:40:59.314 - [ 13693] - [     1] - INFO  - Unity.Licensing.Client.Configuration.PathProviders.PathProviderUtility || Searching for licenses in /home/kinveth/.config/unity3d/Unity/licenses
2024-02-20 01:40:59.314 - [ 13693] - [     1] - WARN  - Unity.Licensing.Client.Configuration.PathProviders.PathProviderUtility || No license files (*.xml) found in /home/kinveth/.config/unity3d/Unity/licenses
2024-02-20 01:40:59.314 - [ 13693] - [     1] - INFO  - Unity.Licensing.Client.Configuration.PathProviders.PathProviderUtility || Searching for legacy license file: /home/kinveth/.config/unity3d/Unity/Unity_lic.ulf
2024-02-20 01:40:59.314 - [ 13693] - [     1] - WARN  - Unity.Licensing.Client.Configuration.PathProviders.PathProviderUtility || Legacy license file not found: /home/kinveth/.config/unity3d/Unity/Unity_lic.ulf
2024-02-20 01:40:59.314 - [ 13693] - [     1] - WARN  - Unity.Licensing.Client.Configuration.PathProviders.PathProviderUtility || license directory /usr/share/unity3d/licenses not found
2024-02-20 01:40:59.315 - [ 13693] - [     1] - INFO  - Unity.Licensing.Client.Configuration.PathProviders.PathProviderUtility || Searching for legacy license file: /usr/share/unity3d/Unity_lic.ulf
2024-02-20 01:40:59.315 - [ 13693] - [     1] - WARN  - Unity.Licensing.Client.Configuration.PathProviders.PathProviderUtility || Legacy license file not found: /usr/share/unity3d/Unity_lic.ulf
2024-02-20 01:40:59.315 - [ 13693] - [     1] - WARN  - Unity.Licensing.Client.Configuration.PathProviders.PathProviderUtility || license directory /home/kinveth/.local/share/unity3d/Unity/licenses not found
2024-02-20 01:40:59.315 - [ 13693] - [     1] - INFO  - Unity.Licensing.Client.Configuration.PathProviders.PathProviderUtility || Searching for legacy license file: /home/kinveth/.local/share/unity3d/Unity/Unity_lic.ulf
2024-02-20 01:40:59.314 - [ 13693] - [    14] - ERROR - Unity.Licensing.Client.Services.EntitlementResolverProvider || Unable to start directory watcher for: /home/kinveth/.local/share/unity3d/Unity/*.ulf
System.IO.DirectoryNotFoundException: Attempted to access a path that is not on the disk.
   at Unity.Licensing.Platform.FileSystem.DirectoryWatcher..ctor(IFileSystem fileSystem, String directoryPath, String fileFilter)
   at Unity.Licensing.Client.Services.EntitlementResolverProvider.InitDirectoryWatcher(String dir, String filter)
2024-02-20 01:40:59.315 - [ 13693] - [     1] - WARN  - Unity.Licensing.Client.Configuration.PathProviders.PathProviderUtility || Legacy license file not found: /home/kinveth/.local/share/unity3d/Unity/Unity_lic.ulf
2024-02-20 01:40:59.317 - [ 13693] - [    14] - ERROR - Unity.Licensing.Client.Services.EntitlementResolverProvider || Unable to start directory watcher for: /home/kinveth/.local/share/unity3d/Unity/licenses/*.xml
System.IO.DirectoryNotFoundException: Attempted to access a path that is not on the disk.
   at Unity.Licensing.Platform.FileSystem.DirectoryWatcher..ctor(IFileSystem fileSystem, String directoryPath, String fileFilter)
   at Unity.Licensing.Client.Services.EntitlementResolverProvider.InitDirectoryWatcher(String dir, String filter)
2024-02-20 01:40:59.317 - [ 13693] - [     1] - INFO  - Unity.Licensing.Client.Services.Replication.InactiveLicenseFileCleaner || Start cleaning expired and inactive license file(s): 

2024-02-20 01:40:59.318 - [ 13693] - [     1] - INFO  - Unity.Licensing.Client.Services.Replication.InactiveLicenseFileCleaner || Cleanup finished successfully, deleted 0 expired and 0 inactive license file(s)
2024-02-20 01:40:59.318 - [ 13693] - [     1] - WARN  - Unity.Licensing.Client.Services.LicensingOrchestrator || Unable to find valid licenses and remote licensing service is not configured.
2024-02-20 01:40:59.365 - [ 13693] - [    12] - INFO  - Unity.Licensing.Client.Services.Package.PackageEnforcer || Trying to update PACL ...
2024-02-20 01:40:59.367 - [ 13693] - [    17] - INFO  - Unity.Licensing.Client.MultiClientPipeServer || ServerMutex Unity-LicenseClient-kinveth created (on thread: 17)
2024-02-20 01:40:59.368 - [ 13693] - [    17] - INFO  - Unity.Licensing.Client.Communication.Notifications.NotificationsPipeServer || ServerMutex Unity-LicenseClient-kinveth-notifications created (on thread: 17)
2024-02-20 01:40:59.368 - [ 13693] - [    17] - INFO  - Unity.Licensing.Client.MultiClientPipeServer || Starting named pipe server (on thread: 17)
2024-02-20 01:40:59.370 - [ 13693] - [    12] - INFO  - Unity.Licensing.Client.Services.Package.PackageService || Getting PACL from remote uri: "https://license.unity3d.com/licenses/v1/packages/acl" ...
2024-02-20 01:40:59.371 - [ 13693] - [    17] - INFO  - Unity.Licensing.Client.MultiClientPipeServer || Named pipe server started
2024-02-20 01:40:59.371 - [ 13693] - [    19] - INFO  - Unity.Licensing.Client.MultiClientPipeServer || Waiting for a connection (pipe #1)
2024-02-20 01:40:59.371 - [ 13693] - [    17] - INFO  - Unity.Licensing.Client.Communication.Notifications.NotificationsPipeServer || Starting named pipe server (on thread: 17)
2024-02-20 01:40:59.372 - [ 13693] - [    17] - INFO  - Unity.Licensing.Client.Communication.Notifications.NotificationsPipeServer || Named pipe server started
2024-02-20 01:40:59.372 - [ 13693] - [    20] - INFO  - Unity.Licensing.Client.Communication.Notifications.NotificationsPipeServer || Waiting for a connection (pipe #1)
2024-02-20 01:40:59.372 - [ 13693] - [    12] - INFO  - Unity.Licensing.Client.Services.Package.PackageService || Local PACL revision: 38
2024-02-20 01:40:59.379 - [ 13693] - [    21] - INFO  - Unity.Licensing.Client.MultiClientPipeServer || Waiting for a connection (pipe #2)
2024-02-20 01:40:59.382 - [ 13693] - [    18] - INFO  - Unity.Licensing.Client.MultiClientPipeServer || A new client is connecting (pipe #1)
2024-02-20 01:40:59.382 - [ 13693] - [    18] - INFO  - Unity.Licensing.Client.Communication.ApiPipeHandler#1 || Start accepting requests
2024-02-20 01:40:59.404 - [ 13693] - [    18] - INFO  - Unity.Licensing.Client.Communication.Controllers.HandshakeController || Received handshake from: Hub 3.1.1-c1 (LocalIPC/1.9)
2024-02-20 01:40:59.404 - [ 13693] - [    18] - WARN  - Unity.Licensing.Client.Communication.Controllers.HandshakeController || PACL not enabled for this connection.
2024-02-20 01:40:59.404 - [ 13693] - [    18] - INFO  - Unity.Licensing.Client.Communication.ApiPipeHandler#1 || [Response] Type: HandshakeResponse, Code: 200, Status: Handshake successful
2024-02-20 01:40:59.594 - [ 13693] - [    22] - WARN  - Unity.Licensing.Client.Services.Package.PackageService.HttpRequests || Handled response: [NotModified | Not Modified | ] from request: [GET | https://license.unity3d.com/licenses/v1/packages/acl]
2024-02-20 01:40:59.596 - [ 13693] - [    22] - INFO  - Unity.Licensing.Client.Services.Package.PackageService || Skipping download. No difference between local and remote ETag (uri: "https://license.unity3d.com/licenses/v1/packages/acl", ETag: "654de81db1c74995713c240e35a55046")
2024-02-20 01:40:59.596 - [ 13693] - [    22] - INFO  - Unity.Licensing.Client.Services.Package.PackageEnforcer || Successfully updated PACL file after 1 attempt(s). Next update in 24.00 hours.
2024-02-20 01:40:59.596 - [ 13693] - [    22] - INFO  - Unity.Licensing.Client.Services.Package.PackageEnforcer || Loading remote PACL, revision: 38, version: 1.0
2024-02-20 01:40:59.662 - [ 13693] - [    18] - INFO  - Unity.Licensing.Client.Configuration.PathProviders.PathProviderUtility || Searching for licenses in /home/kinveth/.config/unity3d/Unity/licenses
2024-02-20 01:40:59.662 - [ 13693] - [    18] - WARN  - Unity.Licensing.Client.Configuration.PathProviders.PathProviderUtility || No license files (*.xml) found in /home/kinveth/.config/unity3d/Unity/licenses
2024-02-20 01:40:59.662 - [ 13693] - [    18] - INFO  - Unity.Licensing.Client.Configuration.PathProviders.PathProviderUtility || Searching for legacy license file: /home/kinveth/.config/unity3d/Unity/Unity_lic.ulf
2024-02-20 01:40:59.662 - [ 13693] - [    18] - WARN  - Unity.Licensing.Client.Configuration.PathProviders.PathProviderUtility || Legacy license file not found: /home/kinveth/.config/unity3d/Unity/Unity_lic.ulf
2024-02-20 01:40:59.662 - [ 13693] - [    18] - WARN  - Unity.Licensing.Client.Configuration.PathProviders.PathProviderUtility || license directory /usr/share/unity3d/licenses not found
2024-02-20 01:40:59.662 - [ 13693] - [    18] - INFO  - Unity.Licensing.Client.Configuration.PathProviders.PathProviderUtility || Searching for legacy license file: /usr/share/unity3d/Unity_lic.ulf
2024-02-20 01:40:59.662 - [ 13693] - [    18] - WARN  - Unity.Licensing.Client.Configuration.PathProviders.PathProviderUtility || Legacy license file not found: /usr/share/unity3d/Unity_lic.ulf
2024-02-20 01:40:59.662 - [ 13693] - [    18] - WARN  - Unity.Licensing.Client.Configuration.PathProviders.PathProviderUtility || license directory /home/kinveth/.local/share/unity3d/Unity/licenses not found
2024-02-20 01:40:59.663 - [ 13693] - [    18] - INFO  - Unity.Licensing.Client.Configuration.PathProviders.PathProviderUtility || Searching for legacy license file: /home/kinveth/.local/share/unity3d/Unity/Unity_lic.ulf
2024-02-20 01:40:59.663 - [ 13693] - [    18] - WARN  - Unity.Licensing.Client.Configuration.PathProviders.PathProviderUtility || Legacy license file not found: /home/kinveth/.local/share/unity3d/Unity/Unity_lic.ulf
2024-02-20 01:40:59.663 - [ 13693] - [    18] - INFO  - Unity.Licensing.Client.Services.EntitlementResolverProvider || Rebuilding resolvers from local files
2024-02-20 01:40:59.663 - [ 13693] - [    18] - INFO  - Unity.Licensing.Client.Services.EntitlementResolverProvider || Processed 0 license files in 00:00:00.0000064
2024-02-20 01:40:59.663 - [ 13693] - [    18] - INFO  - Unity.Licensing.Client.Communication.ApiPipeHandler#1 || [Response] Type: EntitlementGroupsDetailsResponse, Code: 200, Status: Success, found: 0 groups
2024-02-20 01:40:59.734 - [ 13693] - [    18] - INFO  - Unity.Licensing.EntitlementContext.CompositeContextProvider || Instantiate new context with id 5b920c92-dd39-4736-9cd9-f88c184415f0
2024-02-20 01:40:59.735 - [ 13693] - [    18] - INFO  - Unity.Licensing.Client.Communication.ApiPipeHandler#1 || [Response] Type: EntitlementsResponse, Code: 200, Status: Found 0 entitlements
2024-02-20 01:41:00.011 - [ 13693] - [    18] - INFO  - Unity.Licensing.Client.Configuration.PathProviders.PathProviderUtility || Searching for licenses in /home/kinveth/.config/unity3d/Unity/licenses
2024-02-20 01:41:00.011 - [ 13693] - [    18] - WARN  - Unity.Licensing.Client.Configuration.PathProviders.PathProviderUtility || No license files (*.xml) found in /home/kinveth/.config/unity3d/Unity/licenses
2024-02-20 01:41:00.011 - [ 13693] - [    18] - INFO  - Unity.Licensing.Client.Configuration.PathProviders.PathProviderUtility || Searching for legacy license file: /home/kinveth/.config/unity3d/Unity/Unity_lic.ulf
2024-02-20 01:41:00.011 - [ 13693] - [    18] - WARN  - Unity.Licensing.Client.Configuration.PathProviders.PathProviderUtility || Legacy license file not found: /home/kinveth/.config/unity3d/Unity/Unity_lic.ulf
2024-02-20 01:41:00.011 - [ 13693] - [    18] - WARN  - Unity.Licensing.Client.Configuration.PathProviders.PathProviderUtility || license directory /usr/share/unity3d/licenses not found
2024-02-20 01:41:00.011 - [ 13693] - [    18] - INFO  - Unity.Licensing.Client.Configuration.PathProviders.PathProviderUtility || Searching for legacy license file: /usr/share/unity3d/Unity_lic.ulf
2024-02-20 01:41:00.012 - [ 13693] - [    18] - WARN  - Unity.Licensing.Client.Configuration.PathProviders.PathProviderUtility || Legacy license file not found: /usr/share/unity3d/Unity_lic.ulf
2024-02-20 01:41:00.012 - [ 13693] - [    18] - WARN  - Unity.Licensing.Client.Configuration.PathProviders.PathProviderUtility || license directory /home/kinveth/.local/share/unity3d/Unity/licenses not found
2024-02-20 01:41:00.012 - [ 13693] - [    18] - INFO  - Unity.Licensing.Client.Configuration.PathProviders.PathProviderUtility || Searching for legacy license file: /home/kinveth/.local/share/unity3d/Unity/Unity_lic.ulf
2024-02-20 01:41:00.012 - [ 13693] - [    18] - WARN  - Unity.Licensing.Client.Configuration.PathProviders.PathProviderUtility || Legacy license file not found: /home/kinveth/.local/share/unity3d/Unity/Unity_lic.ulf
2024-02-20 01:41:00.012 - [ 13693] - [    18] - INFO  - Unity.Licensing.Client.Services.EntitlementResolverProvider || Rebuilding resolvers from local files
2024-02-20 01:41:00.012 - [ 13693] - [    18] - INFO  - Unity.Licensing.Client.Services.EntitlementResolverProvider || Processed 0 license files in 00:00:00.0000036
2024-02-20 01:41:00.012 - [ 13693] - [    18] - INFO  - Unity.Licensing.Client.Communication.ApiPipeHandler#1 || [Response] Type: EntitlementGroupsDetailsResponse, Code: 200, Status: Success, found: 0 groups
2024-02-20 01:41:00.024 - [ 13693] - [    18] - INFO  - Unity.Licensing.EntitlementContext.CompositeContextProvider || Instantiate new context with id 446a5bf5-5a23-4a93-b78c-d64af8acbb99
2024-02-20 01:41:00.024 - [ 13693] - [    18] - INFO  - Unity.Licensing.Client.Communication.ApiPipeHandler#1 || [Response] Type: EntitlementsResponse, Code: 200, Status: Found 0 entitlements
2024-02-20 01:41:59.720 - [ 13693] - [    18] - INFO  - Unity.Licensing.EntitlementContext.CompositeContextProvider || Instantiate new context with id 52666056-c559-44d6-8a16-2c13730e5f24
2024-02-20 01:41:59.720 - [ 13693] - [    18] - INFO  - Unity.Licensing.Client.Communication.ApiPipeHandler#1 || [Response] Type: EntitlementsResponse, Code: 200, Status: Found 0 entitlements
